2024-12-20 13:46:26 [ERROR]: Kafka connection error Connection error: 
KafkaJSNonRetriableError
  Caused by: KafkaJSConnectionError: Connection error: 
    at Socket.onError (D:\Distributed-Notification-and-Alert-System\notification-system\node_modules\kafkajs\src\network\connection.js:210:23)
    at Socket.emit (node:events:520:28)
    at Socket.emit (node:domain:488:12)
    at emitErrorNT (node:internal/streams/destroy:170:8)
    at emitErrorCloseNT (node:internal/streams/destroy:129:3)
    at processTicksAndRejections (node:internal/process/task_queues:82:21)
2024-12-20 13:47:01 [ERROR]: Kafka connection error Connection error: 
KafkaJSNonRetriableError
  Caused by: KafkaJSConnectionError: Connection error: 
    at Socket.onError (D:\Distributed-Notification-and-Alert-System\notification-system\node_modules\kafkajs\src\network\connection.js:210:23)
    at Socket.emit (node:events:520:28)
    at Socket.emit (node:domain:488:12)
    at emitErrorNT (node:internal/streams/destroy:170:8)
    at emitErrorCloseNT (node:internal/streams/destroy:129:3)
    at processTicksAndRejections (node:internal/process/task_queues:82:21)
2024-12-20 14:30:02 [ERROR]: Kafka connection error Connection error: 
KafkaJSNonRetriableError
  Caused by: KafkaJSConnectionError: Connection error: 
    at Socket.onError (D:\Distributed-Notification-and-Alert-System\notification-system\node_modules\kafkajs\src\network\connection.js:210:23)
    at Socket.emit (node:events:520:28)
    at Socket.emit (node:domain:488:12)
    at emitErrorNT (node:internal/streams/destroy:170:8)
    at emitErrorCloseNT (node:internal/streams/destroy:129:3)
    at processTicksAndRejections (node:internal/process/task_queues:82:21)
2024-12-21 12:48:49 [ERROR]: User preferences creation failed UserPreference validation failed: channels.0: `EMAIL` is not a valid enum value for path `channels.0`.
ValidationError: UserPreference validation failed: channels.0: `EMAIL` is not a valid enum value for path `channels.0`.
    at model.Document.invalidate (C:\Users\satya\Downloads\Distributed-Notification-and-Alert-System\Distributed-Notification-and-Alert-System\notification-system\node_modules\mongoose\lib\document.js:3331:32)
    at C:\Users\satya\Downloads\Distributed-Notification-and-Alert-System\Distributed-Notification-and-Alert-System\notification-system\node_modules\mongoose\lib\document.js:3092:17
    at C:\Users\satya\Downloads\Distributed-Notification-and-Alert-System\Distributed-Notification-and-Alert-System\notification-system\node_modules\mongoose\lib\schemaType.js:1407:9
    at processTicksAndRejections (node:internal/process/task_queues:77:11)
2024-12-21 12:56:16 [ERROR]: Notification creation failed types.filter is not a function
TypeError: types.filter is not a function
    at createNotification (C:\Users\satya\Downloads\Distributed-Notification-and-Alert-System\Distributed-Notification-and-Alert-System\notification-system\controllers\notification.controller.ts:12:32)
    at Layer.handle [as handle_request] (C:\Users\satya\Downloads\Distributed-Notification-and-Alert-System\Distributed-Notification-and-Alert-System\notification-system\node_modules\express\lib\router\layer.js:95:5)
    at next (C:\Users\satya\Downloads\Distributed-Notification-and-Alert-System\Distributed-Notification-and-Alert-System\notification-system\node_modules\express\lib\router\route.js:149:13)
    at Route.dispatch (C:\Users\satya\Downloads\Distributed-Notification-and-Alert-System\Distributed-Notification-and-Alert-System\notification-system\node_modules\express\lib\router\route.js:119:3)
    at Layer.handle [as handle_request] (C:\Users\satya\Downloads\Distributed-Notification-and-Alert-System\Distributed-Notification-and-Alert-System\notification-system\node_modules\express\lib\router\layer.js:95:5)
    at C:\Users\satya\Downloads\Distributed-Notification-and-Alert-System\Distributed-Notification-and-Alert-System\notification-system\node_modules\express\lib\router\index.js:284:15
    at Function.process_params (C:\Users\satya\Downloads\Distributed-Notification-and-Alert-System\Distributed-Notification-and-Alert-System\notification-system\node_modules\express\lib\router\index.js:346:12)
    at next (C:\Users\satya\Downloads\Distributed-Notification-and-Alert-System\Distributed-Notification-and-Alert-System\notification-system\node_modules\express\lib\router\index.js:280:10)
    at Function.handle (C:\Users\satya\Downloads\Distributed-Notification-and-Alert-System\Distributed-Notification-and-Alert-System\notification-system\node_modules\express\lib\router\index.js:175:3)
    at router (C:\Users\satya\Downloads\Distributed-Notification-and-Alert-System\Distributed-Notification-and-Alert-System\notification-system\node_modules\express\lib\router\index.js:47:12)
2024-12-21 12:59:07 [ERROR]: Notification creation failed types.filter is not a function
TypeError: types.filter is not a function
    at createNotification (C:\Users\satya\Downloads\Distributed-Notification-and-Alert-System\Distributed-Notification-and-Alert-System\notification-system\controllers\notification.controller.ts:12:32)
    at Layer.handle [as handle_request] (C:\Users\satya\Downloads\Distributed-Notification-and-Alert-System\Distributed-Notification-and-Alert-System\notification-system\node_modules\express\lib\router\layer.js:95:5)
    at next (C:\Users\satya\Downloads\Distributed-Notification-and-Alert-System\Distributed-Notification-and-Alert-System\notification-system\node_modules\express\lib\router\route.js:149:13)
    at Route.dispatch (C:\Users\satya\Downloads\Distributed-Notification-and-Alert-System\Distributed-Notification-and-Alert-System\notification-system\node_modules\express\lib\router\route.js:119:3)
    at Layer.handle [as handle_request] (C:\Users\satya\Downloads\Distributed-Notification-and-Alert-System\Distributed-Notification-and-Alert-System\notification-system\node_modules\express\lib\router\layer.js:95:5)
    at C:\Users\satya\Downloads\Distributed-Notification-and-Alert-System\Distributed-Notification-and-Alert-System\notification-system\node_modules\express\lib\router\index.js:284:15
    at Function.process_params (C:\Users\satya\Downloads\Distributed-Notification-and-Alert-System\Distributed-Notification-and-Alert-System\notification-system\node_modules\express\lib\router\index.js:346:12)
    at next (C:\Users\satya\Downloads\Distributed-Notification-and-Alert-System\Distributed-Notification-and-Alert-System\notification-system\node_modules\express\lib\router\index.js:280:10)
    at Function.handle (C:\Users\satya\Downloads\Distributed-Notification-and-Alert-System\Distributed-Notification-and-Alert-System\notification-system\node_modules\express\lib\router\index.js:175:3)
    at router (C:\Users\satya\Downloads\Distributed-Notification-and-Alert-System\Distributed-Notification-and-Alert-System\notification-system\node_modules\express\lib\router\index.js:47:12)
2024-12-22 00:12:53 [ERROR]: Kafka connection error Connection error: connect ECONNREFUSED ::1:9092
KafkaJSNonRetriableError
  Caused by: KafkaJSConnectionError: Connection error: connect ECONNREFUSED ::1:9092
    at Socket.onError (C:\Users\satya\Downloads\Distributed-Notification-and-Alert-System\Distributed-Notification-and-Alert-System\notification-system\node_modules\kafkajs\src\network\connection.js:210:23)
    at Socket.emit (node:events:513:28)
    at Socket.emit (node:domain:489:12)
    at emitErrorNT (node:internal/streams/destroy:151:8)
    at emitErrorCloseNT (node:internal/streams/destroy:116:3)
    at processTicksAndRejections (node:internal/process/task_queues:82:21)
